<?xml version="1.0" encoding="UTF-8"?>
<!-- Generated by org.testng.reporters.JUnitReportReporter -->
<testsuite hostname="VIKESH-PC" failures="0" tests="2" name="com.crm.qa.tests.LoginPageTest" time="42.633" errors="0" timestamp="17 Jun 2020 19:40:48 GMT" skipped="0">
  <testcase classname="com.crm.qa.tests.LoginPageTest" name="loginPageTitleTest" time="12.195"/>
  <testcase classname="com.crm.qa.tests.LoginPageTest" name="loginTest" time="30.438"/>
</testsuite> <!-- com.crm.qa.tests.LoginPageTest -->
