<?xml version="1.0" encoding="UTF-8"?>
<!-- Generated by org.testng.reporters.JUnitReportReporter -->
<testsuite hostname="VIKESH-PC" failures="0" tests="2" name="com.crm.qa.tests.LoginPageTest" time="19.435" errors="0" timestamp="17 Jun 2020 19:44:38 GMT" skipped="0">
  <testcase classname="com.crm.qa.tests.LoginPageTest" name="loginPageTitleTest" time="10.580"/>
  <testcase classname="com.crm.qa.tests.LoginPageTest" name="loginTest" time="8.855"/>
</testsuite> <!-- com.crm.qa.tests.LoginPageTest -->
